<?xml version="1.0" encoding="UTF-8"?>
<testsuite name="com.example.Test.TestApplicationTests" tests="1" skipped="0" failures="0" errors="0" timestamp="2021-08-27T12:34:51" hostname="roza" time="0.136">
  <properties/>
  <testcase name="contextLoads()" classname="com.example.Test.TestApplicationTests" time="0.136"/>
  <system-out><![CDATA[18:34:42.665 [Test worker] DEBUG org.springframework.test.context.BootstrapUtils - Instantiating CacheAwareContextLoaderDelegate from class [org.springframework.test.context.cache.DefaultCacheAwareContextLoaderDelegate]
18:34:42.677 [Test worker] DEBUG org.springframework.test.context.BootstrapUtils - Instantiating BootstrapContext using constructor [public org.springframework.test.context.support.DefaultBootstrapContext(java.lang.Class,org.springframework.test.context.CacheAwareContextLoaderDelegate)]
18:34:42.711 [Test worker] DEBUG org.springframework.test.context.BootstrapUtils - Instantiating TestContextBootstrapper for test class [com.example.Test.TestApplicationTests] from class [org.springframework.boot.test.context.SpringBootTestContextBootstrapper]
18:34:42.721 [Test worker] INFO org.springframework.boot.test.context.SpringBootTestContextBootstrapper - Neither @ContextConfiguration nor @ContextHierarchy found for test class [com.example.Test.TestApplicationTests], using SpringBootContextLoader
18:34:42.725 [Test worker] DEBUG org.springframework.test.context.support.AbstractContextLoader - Did not detect default resource location for test class [com.example.Test.TestApplicationTests]: class path resource [com/example/Test/TestApplicationTests-context.xml] does not exist
18:34:42.726 [Test worker] DEBUG org.springframework.test.context.support.AbstractContextLoader - Did not detect default resource location for test class [com.example.Test.TestApplicationTests]: class path resource [com/example/Test/TestApplicationTestsContext.groovy] does not exist
18:34:42.727 [Test worker] INFO org.springframework.test.context.support.AbstractContextLoader - Could not detect default resource locations for test class [com.example.Test.TestApplicationTests]: no resource found for suffixes {-context.xml, Context.groovy}.
18:34:42.728 [Test worker] INFO org.springframework.test.context.support.AnnotationConfigContextLoaderUtils - Could not detect default configuration classes for test class [com.example.Test.TestApplicationTests]: TestApplicationTests does not declare any static, non-private, non-final, nested classes annotated with @Configuration.
18:34:42.801 [Test worker] DEBUG org.springframework.test.context.support.ActiveProfilesUtils - Could not find an 'annotation declaring class' for annotation type [org.springframework.test.context.ActiveProfiles] and class [com.example.Test.TestApplicationTests]
18:34:42.860 [Test worker] DEBUG org.springframework.context.annotation.ClassPathScanningCandidateComponentProvider - Identified candidate component class: file [/home/roza/IdeaProjects/internship/build/classes/java/main/com/example/Test/TestApplication.class]
18:34:42.861 [Test worker] INFO org.springframework.boot.test.context.SpringBootTestContextBootstrapper - Found @SpringBootConfiguration com.example.Test.TestApplication for test class com.example.Test.TestApplicationTests
18:34:42.950 [Test worker] DEBUG org.springframework.boot.test.context.SpringBootTestContextBootstrapper - @TestExecutionListeners is not present for class [com.example.Test.TestApplicationTests]: using defaults.
18:34:42.951 [Test worker] INFO org.springframework.boot.test.context.SpringBootTestContextBootstrapper - Loaded default TestExecutionListener class names from location [META-INF/spring.factories]: [org.springframework.security.test.context.support.WithSecurityContextTestExecutionListener, org.springframework.security.test.context.support.ReactorContextTestExecutionListener, org.springframework.boot.test.autoconfigure.restdocs.RestDocsTestExecutionListener, org.springframework.boot.test.autoconfigure.web.client.MockRestServiceServerResetTestExecutionListener, org.springframework.boot.test.autoconfigure.web.servlet.MockMvcPrintOnlyOnFailureTestExecutionListener, org.springframework.boot.test.autoconfigure.web.servlet.WebDriverTestExecutionListener, org.springframework.boot.test.autoconfigure.webservices.client.MockWebServiceServerTestExecutionListener, org.springframework.boot.test.mock.mockito.MockitoTestExecutionListener, org.springframework.boot.test.mock.mockito.ResetMocksTestExecutionListener, org.springframework.test.context.web.ServletTestExecutionListener, org.springframework.test.context.support.DirtiesContextBeforeModesTestExecutionListener, org.springframework.test.context.event.ApplicationEventsTestExecutionListener, org.springframework.test.context.support.DependencyInjectionTestExecutionListener, org.springframework.test.context.support.DirtiesContextTestExecutionListener, org.springframework.test.context.transaction.TransactionalTestExecutionListener, org.springframework.test.context.jdbc.SqlScriptsTestExecutionListener, org.springframework.test.context.event.EventPublishingTestExecutionListener]
18:34:42.972 [Test worker] INFO org.springframework.boot.test.context.SpringBootTestContextBootstrapper - Using TestExecutionListeners: [org.springframework.test.context.web.ServletTestExecutionListener@6e74d032, org.springframework.test.context.support.DirtiesContextBeforeModesTestExecutionListener@46adc448, org.springframework.test.context.event.ApplicationEventsTestExecutionListener@169e75d4, org.springframework.boot.test.mock.mockito.MockitoTestExecutionListener@c1d67ee, org.springframework.boot.test.autoconfigure.SpringBootDependencyInjectionTestExecutionListener@44a0d31f, org.springframework.test.context.support.DirtiesContextTestExecutionListener@6c87d047, org.springframework.test.context.transaction.TransactionalTestExecutionListener@9d228d6, org.springframework.test.context.jdbc.SqlScriptsTestExecutionListener@6e170c15, org.springframework.security.test.context.support.WithSecurityContextTestExecutionListener@2c6d12e3, org.springframework.test.context.event.EventPublishingTestExecutionListener@7ebafac1, org.springframework.security.test.context.support.ReactorContextTestExecutionListener@6636e958, org.springframework.boot.test.autoconfigure.restdocs.RestDocsTestExecutionListener@3097262f, org.springframework.boot.test.autoconfigure.web.client.MockRestServiceServerResetTestExecutionListener@7429d0d4, org.springframework.boot.test.autoconfigure.web.servlet.MockMvcPrintOnlyOnFailureTestExecutionListener@5d6c4062, org.springframework.boot.test.autoconfigure.web.servlet.WebDriverTestExecutionListener@c411ebe, org.springframework.boot.test.autoconfigure.webservices.client.MockWebServiceServerTestExecutionListener@56ee747, org.springframework.boot.test.mock.mockito.ResetMocksTestExecutionListener@3ffb284e]
18:34:42.988 [Test worker] DEBUG org.springframework.test.context.support.AbstractDirtiesContextTestExecutionListener - Before test class: context [DefaultTestContext@4f92db54 testClass = TestApplicationTests, testInstance = [null], testMethod = [null], testException = [null], mergedContextConfiguration = [WebMergedContextConfiguration@581f8546 testClass = TestApplicationTests, locations = '{}', classes = '{class com.example.Test.TestApplication}', contextInitializerClasses = '[]', activeProfiles = '{}', propertySourceLocations = '{}', propertySourceProperties = '{org.springframework.boot.test.context.SpringBootTestContextBootstrapper=true}', contextCustomizers = set[org.springframework.boot.test.autoconfigure.actuate.metrics.MetricsExportContextCustomizerFactory$DisableMetricExportContextCustomizer@67d81f7a, org.springframework.boot.test.autoconfigure.properties.PropertyMappingContextCustomizer@0, org.springframework.boot.test.autoconfigure.web.servlet.WebDriverContextCustomizerFactory$Customizer@141f36e4, org.springframework.boot.test.context.filter.ExcludeFilterContextCustomizer@2f3689c7, org.springframework.boot.test.json.DuplicateJsonObjectContextCustomizerFactory$DuplicateJsonObjectContextCustomizer@7391f4f6, org.springframework.boot.test.mock.mockito.MockitoContextCustomizer@0, org.springframework.boot.test.web.client.TestRestTemplateContextCustomizer@7138bd44, org.springframework.boot.test.context.SpringBootTestArgs@1, org.springframework.boot.test.context.SpringBootTestWebEnvironment@2d001866], resourceBasePath = 'src/main/webapp', contextLoader = 'org.springframework.boot.test.context.SpringBootContextLoader', parent = [null]], attributes = map['org.springframework.test.context.web.ServletTestExecutionListener.activateListener' -> true]], class annotated with @DirtiesContext [false] with mode [null].
18:34:43.020 [Test worker] DEBUG org.springframework.test.context.support.TestPropertySourceUtils - Adding inlined properties to environment: {spring.jmx.enabled=false, org.springframework.boot.test.context.SpringBootTestContextBootstrapper=true}

  .   ____          _            __ _ _
 /\\ / ___'_ __ _ _(_)_ __  __ _ \ \ \ \
( ( )\___ | '_ | '_| | '_ \/ _` | \ \ \ \
 \\/  ___)| |_)| | | | | || (_| |  ) ) ) )
  '  |____| .__|_| |_|_| |_\__, | / / / /
 =========|_|==============|___/=/_/_/_/
 :: Spring Boot ::                (v2.5.3)

2021-08-27 18:34:43.390  INFO 24537 --- [    Test worker] com.example.Test.TestApplicationTests    : Starting TestApplicationTests using Java 11.0.11 on roza with PID 24537 (started by roza in /home/roza/IdeaProjects/internship)
2021-08-27 18:34:43.394  INFO 24537 --- [    Test worker] com.example.Test.TestApplicationTests    : No active profile set, falling back to default profiles: default
2021-08-27 18:34:44.975  INFO 24537 --- [    Test worker] .s.d.r.c.RepositoryConfigurationDelegate : Multiple Spring Data modules found, entering strict repository configuration mode!
2021-08-27 18:34:44.977  INFO 24537 --- [    Test worker] .s.d.r.c.RepositoryConfigurationDelegate : Bootstrapping Spring Data JDBC repositories in DEFAULT mode.
2021-08-27 18:34:45.024  INFO 24537 --- [    Test worker] .RepositoryConfigurationExtensionSupport : Spring Data JDBC - Could not safely identify store assignment for repository candidate interface com.example.Test.repository.CandidateRepository. If you want this repository to be a JDBC repository, consider annotating your entities with one of these annotations: org.springframework.data.relational.core.mapping.Table.
2021-08-27 18:34:45.027  INFO 24537 --- [    Test worker] .RepositoryConfigurationExtensionSupport : Spring Data JDBC - Could not safely identify store assignment for repository candidate interface com.example.Test.repository.UserRepository. If you want this repository to be a JDBC repository, consider annotating your entities with one of these annotations: org.springframework.data.relational.core.mapping.Table.
2021-08-27 18:34:45.030  INFO 24537 --- [    Test worker] .RepositoryConfigurationExtensionSupport : Spring Data JDBC - Could not safely identify store assignment for repository candidate interface com.example.Test.repository.VacancyRepository. If you want this repository to be a JDBC repository, consider annotating your entities with one of these annotations: org.springframework.data.relational.core.mapping.Table.
2021-08-27 18:34:45.031  INFO 24537 --- [    Test worker] .s.d.r.c.RepositoryConfigurationDelegate : Finished Spring Data repository scanning in 48 ms. Found 0 JDBC repository interfaces.
2021-08-27 18:34:45.047  INFO 24537 --- [    Test worker] .s.d.r.c.RepositoryConfigurationDelegate : Multiple Spring Data modules found, entering strict repository configuration mode!
2021-08-27 18:34:45.049  INFO 24537 --- [    Test worker] .s.d.r.c.RepositoryConfigurationDelegate : Bootstrapping Spring Data JPA repositories in DEFAULT mode.
2021-08-27 18:34:45.100  INFO 24537 --- [    Test worker] .s.d.r.c.RepositoryConfigurationDelegate : Finished Spring Data repository scanning in 47 ms. Found 3 JPA repository interfaces.
2021-08-27 18:34:46.366  INFO 24537 --- [    Test worker] o.f.c.internal.license.VersionPrinter    : Flyway Community Edition 7.14.0 by Redgate
2021-08-27 18:34:46.367  INFO 24537 --- [    Test worker] o.f.c.i.database.base.BaseDatabaseType   : Database: jdbc:postgresql://localhost:5432/hr_crm (PostgreSQL 12.8)
2021-08-27 18:34:46.435  INFO 24537 --- [    Test worker] o.f.core.internal.command.DbValidate     : Successfully validated 5 migrations (execution time 00:00.044s)
2021-08-27 18:34:46.450  INFO 24537 --- [    Test worker] o.f.core.internal.command.DbMigrate      : Current version of schema "public": 4
2021-08-27 18:34:46.451  INFO 24537 --- [    Test worker] o.f.core.internal.command.DbMigrate      : Schema "public" is up to date. No migration necessary.
2021-08-27 18:34:46.606  INFO 24537 --- [    Test worker] o.hibernate.jpa.internal.util.LogHelper  : HHH000204: Processing PersistenceUnitInfo [name: default]
2021-08-27 18:34:46.669  INFO 24537 --- [    Test worker] org.hibernate.Version                    : HHH000412: Hibernate ORM core version 5.5.5.Final
2021-08-27 18:34:46.918  INFO 24537 --- [    Test worker] o.hibernate.annotations.common.Version   : HCANN000001: Hibernate Commons Annotations {5.1.2.Final}
2021-08-27 18:34:47.070  INFO 24537 --- [    Test worker] com.zaxxer.hikari.HikariDataSource       : HikariPool-1 - Starting...
2021-08-27 18:34:47.181  INFO 24537 --- [    Test worker] com.zaxxer.hikari.HikariDataSource       : HikariPool-1 - Start completed.
2021-08-27 18:34:47.211  INFO 24537 --- [    Test worker] org.hibernate.dialect.Dialect            : HHH000400: Using dialect: org.hibernate.dialect.PostgreSQL10Dialect
2021-08-27 18:34:48.218  INFO 24537 --- [    Test worker] o.h.e.t.j.p.i.JtaPlatformInitiator       : HHH000490: Using JtaPlatform implementation: [org.hibernate.engine.transaction.jta.platform.internal.NoJtaPlatform]
2021-08-27 18:34:48.225  INFO 24537 --- [    Test worker] j.LocalContainerEntityManagerFactoryBean : Initialized JPA EntityManagerFactory for persistence unit 'default'
2021-08-27 18:34:48.998  WARN 24537 --- [    Test worker] JpaBaseConfiguration$JpaWebConfiguration : spring.jpa.open-in-view is enabled by default. Therefore, database queries may be performed during view rendering. Explicitly configure spring.jpa.open-in-view to disable this warning
2021-08-27 18:34:50.424  INFO 24537 --- [    Test worker] o.s.s.web.DefaultSecurityFilterChain     : Will secure any request with [org.springframework.security.web.context.request.async.WebAsyncManagerIntegrationFilter@163b3283, org.springframework.security.web.context.SecurityContextPersistenceFilter@58cae361, org.springframework.security.web.header.HeaderWriterFilter@b210282, org.springframework.security.web.authentication.logout.LogoutFilter@6be7a2c0, com.example.Test.security.JWTAuthorizationFilter@f7d0b05, com.example.Test.security.JWTAuthenticationFilter@1f433dd2, org.springframework.security.web.savedrequest.RequestCacheAwareFilter@791f654f, org.springframework.security.web.servletapi.SecurityContextHolderAwareRequestFilter@108fb335, org.springframework.security.web.authentication.AnonymousAuthenticationFilter@1db851d2, org.springframework.security.web.session.SessionManagementFilter@5e1c40b5, org.springframework.security.web.access.ExceptionTranslationFilter@39590767, org.springframework.security.web.access.intercept.FilterSecurityInterceptor@11c0a7c7]
2021-08-27 18:34:51.819  INFO 24537 --- [    Test worker] com.example.Test.TestApplicationTests    : Started TestApplicationTests in 8.792 seconds (JVM running for 10.006)
]]></system-out>
  <system-err><![CDATA[]]></system-err>
</testsuite>
